Flow report for MonPro
Mon Apr 20 16:15:25 2015
Quartus II 64-Bit Version 12.1 Build 243 01/31/2013 Service Pack 1 SJ Web Edition


---------------------
; Table of Contents ;
---------------------
  1. Legal Notice
  2. Flow Summary
  3. Flow Settings
  4. Flow Non-Default Global Settings
  5. Flow Elapsed Time
  6. Flow OS Summary
  7. Flow Log



----------------
; Legal Notice ;
----------------
Copyright (C) 1991-2012 Altera Corporation
Your use of Altera Corporation's design tools, logic functions 
and other software and tools, and its AMPP partner logic 
functions, and any output files from any of the foregoing 
(including device programming or simulation files), and any 
associated documentation or information are expressly subject 
to the terms and conditions of the Altera Program License 
Subscription Agreement, Altera MegaCore Function License 
Agreement, or other applicable license agreement, including, 
without limitation, that your use is for the sole purpose of 
programming logic devices manufactured by Altera and sold by 
Altera or its authorized distributors.  Please refer to the 
applicable agreement for further details.



+------------------------------------------------------------------------------------+
; Flow Summary                                                                       ;
+------------------------------------+-----------------------------------------------+
; Flow Status                        ; Successful - Mon Apr 20 16:15:25 2015         ;
; Quartus II 64-Bit Version          ; 12.1 Build 243 01/31/2013 SP 1 SJ Web Edition ;
; Revision Name                      ; MonPro                                        ;
; Top-level Entity Name              ; MonPro                                        ;
; Family                             ; Cyclone II                                    ;
; Device                             ; EP2C50F484C6                                  ;
; Timing Models                      ; Final                                         ;
; Total logic elements               ; 23,854 / 50,528 ( 47 % )                      ;
;     Total combinational functions  ; 16,750 / 50,528 ( 33 % )                      ;
;     Dedicated logic registers      ; 13,509 / 50,528 ( 27 % )                      ;
; Total registers                    ; 13509                                         ;
; Total pins                         ; 264 / 294 ( 90 % )                            ;
; Total virtual pins                 ; 0                                             ;
; Total memory bits                  ; 0 / 594,432 ( 0 % )                           ;
; Embedded Multiplier 9-bit elements ; 127 / 172 ( 74 % )                            ;
; Total PLLs                         ; 0 / 4 ( 0 % )                                 ;
+------------------------------------+-----------------------------------------------+


+-----------------------------------------+
; Flow Settings                           ;
+-------------------+---------------------+
; Option            ; Setting             ;
+-------------------+---------------------+
; Start date & time ; 04/20/2015 15:55:54 ;
; Main task         ; Compilation         ;
; Revision Name     ; MonPro              ;
+-------------------+---------------------+


+----------------------------------------------------------------------------------------------------------------------------+
; Flow Non-Default Global Settings                                                                                           ;
+-------------------------------------+---------------------------------------+---------------+-------------+----------------+
; Assignment Name                     ; Value                                 ; Default Value ; Entity Name ; Section Id     ;
+-------------------------------------+---------------------------------------+---------------+-------------+----------------+
; COMPILER_SIGNATURE_ID               ; 141317084613633.142957055313692       ; --            ; --          ; --             ;
; EDA_OUTPUT_DATA_FORMAT              ; Verilog Hdl                           ; --            ; --          ; eda_simulation ;
; EDA_SIMULATION_RUN_SCRIPT           ; MonProSimulation.tcl                  ; --            ; --          ; eda_simulation ;
; EDA_SIMULATION_TOOL                 ; ModelSim-Altera (Verilog)             ; <None>        ; --          ; --             ;
; EDA_TEST_BENCH_ENABLE_STATUS        ; COMMAND_MACRO_MODE                    ; --            ; --          ; eda_simulation ;
; EDA_TIME_SCALE                      ; 1 ps                                  ; --            ; --          ; eda_simulation ;
; MAX_CORE_JUNCTION_TEMP              ; 85                                    ; --            ; --          ; --             ;
; MIN_CORE_JUNCTION_TEMP              ; 0                                     ; --            ; --          ; --             ;
; PARTITION_COLOR                     ; 16764057                              ; --            ; --          ; Top            ;
; PARTITION_FITTER_PRESERVATION_LEVEL ; PLACEMENT_AND_ROUTING                 ; --            ; --          ; Top            ;
; PARTITION_NETLIST_TYPE              ; SOURCE                                ; --            ; --          ; Top            ;
; POWER_BOARD_THERMAL_MODEL           ; None (CONSERVATIVE)                   ; --            ; --          ; --             ;
; POWER_PRESET_COOLING_SOLUTION       ; 23 MM HEAT SINK WITH 200 LFPM AIRFLOW ; --            ; --          ; --             ;
; PROJECT_OUTPUT_DIRECTORY            ; output_files                          ; --            ; --          ; --             ;
+-------------------------------------+---------------------------------------+---------------+-------------+----------------+


+-------------------------------------------------------------------------------------------------------------------------------+
; Flow Elapsed Time                                                                                                             ;
+---------------------------+--------------+-------------------------+---------------------+------------------------------------+
; Module Name               ; Elapsed Time ; Average Processors Used ; Peak Virtual Memory ; Total CPU Time (on all processors) ;
+---------------------------+--------------+-------------------------+---------------------+------------------------------------+
; Analysis & Synthesis      ; 00:02:20     ; 1.0                     ; 727 MB              ; 00:02:20                           ;
; Fitter                    ; 00:16:25     ; 1.0                     ; 1031 MB             ; 00:16:24                           ;
; Assembler                 ; 00:00:04     ; 1.0                     ; 522 MB              ; 00:00:04                           ;
; TimeQuest Timing Analyzer ; 00:00:10     ; 1.0                     ; 749 MB              ; 00:00:10                           ;
; EDA Netlist Writer        ; 00:00:15     ; 1.0                     ; 647 MB              ; 00:00:14                           ;
; Total                     ; 00:19:14     ; --                      ; --                  ; 00:19:12                           ;
+---------------------------+--------------+-------------------------+---------------------+------------------------------------+


+----------------------------------------------------------------------------------------+
; Flow OS Summary                                                                        ;
+---------------------------+------------------+-----------+------------+----------------+
; Module Name               ; Machine Hostname ; OS Name   ; OS Version ; Processor type ;
+---------------------------+------------------+-----------+------------+----------------+
; Analysis & Synthesis      ; toshiba-pc       ; Windows 7 ; 6.2        ; x86_64         ;
; Fitter                    ; toshiba-pc       ; Windows 7 ; 6.2        ; x86_64         ;
; Assembler                 ; toshiba-pc       ; Windows 7 ; 6.2        ; x86_64         ;
; TimeQuest Timing Analyzer ; toshiba-pc       ; Windows 7 ; 6.2        ; x86_64         ;
; EDA Netlist Writer        ; toshiba-pc       ; Windows 7 ; 6.2        ; x86_64         ;
+---------------------------+------------------+-----------+------------+----------------+


------------
; Flow Log ;
------------
quartus_map --read_settings_files=on --write_settings_files=off MonPro -c MonPro
quartus_fit --read_settings_files=off --write_settings_files=off MonPro -c MonPro
quartus_asm --read_settings_files=off --write_settings_files=off MonPro -c MonPro
quartus_sta MonPro -c MonPro
quartus_eda --read_settings_files=off --write_settings_files=off MonPro -c MonPro



